\BOOKMARK [0][-]{chapter.1}{\376\377\000I\000n\000t\000r\000o\000d\000u\000c\000t\000i\000o\000n}{}% 1
\BOOKMARK [0][-]{chapter.2}{\376\377\000C\000o\000n\000t\000e\000x\000t\000e}{}% 2
\BOOKMARK [1][-]{section.2.1}{\376\377\000M\000o\000d\000\351\000l\000i\000s\000a\000t\000i\000o\000n}{chapter.2}% 3
\BOOKMARK [1][-]{section.2.2}{\376\377\000T\000D\000\040\000L\000e\000a\000r\000n\000i\000n\000g}{chapter.2}% 4
\BOOKMARK [1][-]{section.2.3}{\376\377\000M\000\351\000t\000h\000o\000d\000e\000\040\000d\000e\000\040\000P\000o\000l\000i\000c\000y\000\040\000G\000r\000a\000d\000i\000e\000n\000t}{chapter.2}% 5
\BOOKMARK [1][-]{section.2.4}{\376\377\000B\000i\000a\000i\000s\000\040\000d\000'\000e\000s\000t\000i\000m\000a\000t\000i\000o\000n}{chapter.2}% 6
\BOOKMARK [2][-]{subsection.2.4.1}{\376\377\000B\000i\000a\000i\000s\000\040\000d\000e\000\040\000m\000a\000x\000i\000m\000i\000s\000a\000t\000i\000o\000n}{section.2.4}% 7
\BOOKMARK [2][-]{subsection.2.4.2}{\376\377\000D\000o\000u\000b\000l\000e\000\040\000T\000D\000\040\000L\000e\000a\000r\000n\000i\000n\000g}{section.2.4}% 8
\BOOKMARK [1][-]{section.2.5}{\376\377\000M\000\351\000t\000h\000o\000d\000e\000s\000\040\000p\000e\000s\000s\000i\000m\000i\000s\000t\000e\000s}{chapter.2}% 9
\BOOKMARK [2][-]{subsection.2.5.1}{\376\377\000T\000D\0003}{section.2.5}% 10
\BOOKMARK [2][-]{subsection.2.5.2}{\376\377\000T\000Q\000C}{section.2.5}% 11
\BOOKMARK [2][-]{subsection.2.5.3}{\376\377\000T\000O\000P}{section.2.5}% 12
\BOOKMARK [2][-]{subsection.2.5.4}{\376\377\000B\000A\000C}{section.2.5}% 13
\BOOKMARK [0][-]{chapter.3}{\376\377\000C\000o\000n\000t\000r\000i\000b\000u\000t\000i\000o\000n\000s}{}% 14
\BOOKMARK [1][-]{section.3.1}{\376\377\000I\000n\000f\000r\000a\000s\000t\000r\000u\000c\000t\000u\000r\000e}{chapter.3}% 15
\BOOKMARK [1][-]{section.3.2}{\376\377\000V\000i\000s\000u\000a\000l\000i\000s\000a\000t\000i\000o\000n\000s}{chapter.3}% 16
\BOOKMARK [1][-]{section.3.3}{\376\377\000L\000a\000\040\000F\000i\000g\000u\000r\000e\000\040\0004\000\040\000d\000e\000\040\000l\000'\000a\000r\000t\000i\000c\000l\000e\000\040\000T\000Q\000C}{chapter.3}% 17
\BOOKMARK [1][-]{section.3.4}{\376\377\000A\000F\000U\000-\000T\000Q\000C}{chapter.3}% 18
\BOOKMARK [1][-]{section.3.5}{\376\377\000M\000e\000s\000u\000r\000e\000\040\000d\000u\000\040\000b\000i\000a\000i\000s}{chapter.3}% 19
\BOOKMARK [1][-]{section.3.6}{\376\377\000R\000\351\000s\000u\000l\000t\000a\000t\000s\000\040\000e\000x\000p\000\351\000r\000i\000m\000e\000n\000t\000a\000u\000x}{chapter.3}% 20
\BOOKMARK [1][-]{section.3.7}{\376\377\000Q\000u\000e\000s\000t\000i\000o\000n\000s\000\040\000d\000e\000\040\000r\000e\000c\000h\000e\000r\000c\000h\000e\000\040\000i\000d\000e\000n\000t\000i\000f\000i\000\351\000e\000s}{chapter.3}% 21
\BOOKMARK [2][-]{subsection.3.7.1}{\376\377\000A\000F\000U\000\040\000e\000t\000\040\000b\000i\000a\000i\000s\000\040\000d\000e\000\040\000m\000a\000x\000i\000m\000i\000s\000a\000t\000i\000o\000n}{section.3.7}% 22
\BOOKMARK [2][-]{subsection.3.7.2}{\376\377\000C\000o\000r\000r\000\351\000l\000a\000t\000i\000o\000n\000\040\000b\000i\000a\000i\000s\000-\000p\000e\000r\000f\000o\000r\000m\000a\000n\000c\000e}{section.3.7}% 23
\BOOKMARK [2][-]{subsection.3.7.3}{\376\377\000C\000r\000i\000t\000i\000q\000u\000e\000\040\000b\000i\000a\000i\000s\000\351\000\040\000o\000u\000\040\000e\000x\000p\000l\000o\000r\000a\000t\000i\000o\000n}{section.3.7}% 24
\BOOKMARK [0][-]{chapter.4}{\376\377\000C\000o\000n\000c\000l\000u\000s\000i\000o\000n}{}% 25
